m:\proyectos\juegosc++\pixelgame\pixelgame\x64\debug\vc143.pdb
m:\proyectos\juegosc++\pixelgame\pixelgame\x64\debug\vc143.idb
m:\proyectos\juegosc++\pixelgame\pixelgame\x64\debug\src\entities\tile.obj
m:\proyectos\juegosc++\pixelgame\pixelgame\x64\debug\src\entities\grid.obj
m:\proyectos\juegosc++\pixelgame\pixelgame\x64\debug\src\entities\gameentity.obj
m:\proyectos\juegosc++\pixelgame\pixelgame\x64\debug\src\entities\enemy.obj
m:\proyectos\juegosc++\pixelgame\pixelgame\x64\debug\src\entities\player.obj
m:\proyectos\juegosc++\pixelgame\pixelgame\x64\debug\src\core\game.obj
m:\proyectos\juegosc++\pixelgame\pixelgame\x64\debug\src\main.obj
m:\proyectos\juegosc++\pixelgame\pixelgame\x64\debug\pixelgame.ilk
m:\proyectos\juegosc++\pixelgame\x64\debug\pixelgame.pdb
m:\proyectos\juegosc++\pixelgame\pixelgame\x64\debug\pixelgame.tlog\cl.command.1.tlog
m:\proyectos\juegosc++\pixelgame\pixelgame\x64\debug\pixelgame.tlog\cl.items.tlog
m:\proyectos\juegosc++\pixelgame\pixelgame\x64\debug\pixelgame.tlog\cl.read.1.tlog
m:\proyectos\juegosc++\pixelgame\pixelgame\x64\debug\pixelgame.tlog\cl.write.1.tlog
m:\proyectos\juegosc++\pixelgame\pixelgame\x64\debug\pixelgame.tlog\link-cvtres.read.1.tlog
m:\proyectos\juegosc++\pixelgame\pixelgame\x64\debug\pixelgame.tlog\link-cvtres.write.1.tlog
m:\proyectos\juegosc++\pixelgame\pixelgame\x64\debug\pixelgame.tlog\link-rc.read.1.tlog
m:\proyectos\juegosc++\pixelgame\pixelgame\x64\debug\pixelgame.tlog\link-rc.write.1.tlog
m:\proyectos\juegosc++\pixelgame\pixelgame\x64\debug\pixelgame.tlog\link.13804-cvtres.read.1.tlog
m:\proyectos\juegosc++\pixelgame\pixelgame\x64\debug\pixelgame.tlog\link.13804-cvtres.write.1.tlog
m:\proyectos\juegosc++\pixelgame\pixelgame\x64\debug\pixelgame.tlog\link.13804-rc.read.1.tlog
m:\proyectos\juegosc++\pixelgame\pixelgame\x64\debug\pixelgame.tlog\link.13804-rc.write.1.tlog
m:\proyectos\juegosc++\pixelgame\pixelgame\x64\debug\pixelgame.tlog\link.13804.read.1.tlog
m:\proyectos\juegosc++\pixelgame\pixelgame\x64\debug\pixelgame.tlog\link.13804.read.2.tlog
m:\proyectos\juegosc++\pixelgame\pixelgame\x64\debug\pixelgame.tlog\link.13804.write.1.tlog
m:\proyectos\juegosc++\pixelgame\pixelgame\x64\debug\pixelgame.tlog\link.command.1.tlog
m:\proyectos\juegosc++\pixelgame\pixelgame\x64\debug\pixelgame.tlog\link.read.1.tlog
m:\proyectos\juegosc++\pixelgame\pixelgame\x64\debug\pixelgame.tlog\link.read.2.tlog
m:\proyectos\juegosc++\pixelgame\pixelgame\x64\debug\pixelgame.tlog\link.secondary.1.tlog
m:\proyectos\juegosc++\pixelgame\pixelgame\x64\debug\pixelgame.tlog\link.write.1.tlog
